Using pre-set license
Built from '2020.3/release' branch; Version is '2020.3.1f1 (77a89f25062f) revision 7841951'; Using compiler version '192528614'; Build Type 'Release'
OS: 'Windows 10 Education; OS build 19042.746; Version 2009; 64bit' Language: 'en' Physical Memory: 65480 MB
BatchMode: 1, IsHumanControllingUs: 0, StartBugReporterOnCrash: 0, Is64bit: 1, IsPro: 0

 COMMAND LINE ARGUMENTS:
C:\Program Files\Unity\Hub\Editor\2020.3.1f1\Editor\Unity.exe
-adb2
-batchMode
-noUpm
-name
AssetImportWorker0
-projectPath
D:/Dev/ARAssignment1
-logFile
Logs/AssetImportWorker0.log
-srvPort
53202
Successfully changed project path to: D:/Dev/ARAssignment1
D:/Dev/ARAssignment1
Using Asset Import Pipeline V2.
Refreshing native plugins compatible for Editor in 37.86 ms, found 7 plugins.
Preloading 1 native plugins for Editor in 0.60 ms.
Initialize engine version: 2020.3.1f1 (77a89f25062f)
[Subsystems] Discovering subsystems at path C:/Program Files/Unity/Hub/Editor/2020.3.1f1/Editor/Data/Resources/UnitySubsystems
[Subsystems] Discovering subsystems at path D:/Dev/ARAssignment1/Assets
GfxDevice: creating device client; threaded=0
Direct3D:
    Version:  Direct3D 11.0 [level 11.1]
    Renderer: AMD Radeon RX 6800 XT (ID=0x73bf)
    Vendor:   
    VRAM:     16082 MB
    Driver:   27.20.15003.1004
Initialize mono
Mono path[0] = 'C:/Program Files/Unity/Hub/Editor/2020.3.1f1/Editor/Data/Managed'
Mono path[1] = 'C:/Program Files/Unity/Hub/Editor/2020.3.1f1/Editor/Data/MonoBleedingEdge/lib/mono/unityjit'
Mono config path = 'C:/Program Files/Unity/Hub/Editor/2020.3.1f1/Editor/Data/MonoBleedingEdge/etc'
Using monoOptions --debugger-agent=transport=dt_socket,embedding=1,server=y,suspend=n,address=127.0.0.1:56924
Begin MonoManager ReloadAssembly
Registering precompiled unity dll's ...
Register platform support module: C:/Program Files/Unity/Hub/Editor/2020.3.1f1/Editor/Data/PlaybackEngines/WindowsStandaloneSupport/UnityEditor.WindowsStandalone.Extensions.dll
Registered in 0.001368 seconds.
Native extension for WindowsStandalone target not found
Refreshing native plugins compatible for Editor in 30.48 ms, found 7 plugins.
Preloading 1 native plugins for Editor in 0.05 ms.
Invoked RoslynAnalysisRunner static constructor.
RoslynAnalysisRunner will not be running.
RoslynAnalysisRunner has terminated.
Mono: successfully reloaded assembly
- Completed reload, in  1.542 seconds
Platform modules already initialized, skipping
Registering precompiled user dll's ...
Registered in 0.002946 seconds.
Begin MonoManager ReloadAssembly
Native extension for WindowsStandalone target not found
Refreshing native plugins compatible for Editor in 29.88 ms, found 7 plugins.
Preloading 1 native plugins for Editor in 0.06 ms.
Invoked RoslynAnalysisRunner static constructor.
RoslynAnalysisRunner will not be running.
RoslynAnalysisRunner has terminated.
Mono: successfully reloaded assembly
- Completed reload, in  0.657 seconds
Platform modules already initialized, skipping
========================================================================
Worker process is ready to serve import requests
Launched and connected shader compiler UnityShaderCompiler.exe after 0.03 seconds
Refreshing native plugins compatible for Editor in 0.52 ms, found 7 plugins.
Preloading 1 native plugins for Editor in 0.05 ms.
Unloading 1896 Unused Serialized files (Serialized files now loaded: 0)
System memory in use before: 97.7 MB.
System memory in use after: 97.7 MB.

Unloading 12 unused Assets to reduce memory usage. Loaded Objects now: 2358.
Total: 1.580700 ms (FindLiveObjects: 0.164300 ms CreateObjectMapping: 0.046700 ms MarkObjects: 1.303800 ms  DeleteObjects: 0.065400 ms)

========================================================================
Received Import Request.
  path: Assets/Prefabs/OldAnimalPrefabs
  artifactKey: Guid(a5b289552855cd34d946841f69a1fefc) Importer(815301076,1909f56bfc062723c751e8b465ee728b)
Start importing Assets/Prefabs/OldAnimalPrefabs using Guid(a5b289552855cd34d946841f69a1fefc) Importer(815301076,1909f56bfc062723c751e8b465ee728b)  -> (artifact id: '2a98cd36a31daa34c954fab9bea82f2b') in 0.007425 seconds
  Import took 0.009432 seconds .

========================================================================
Received Import Request.
  Time since last request: 9.151037 seconds.
  path: Assets/Prefabs/CreatureWorldUI.prefab
  artifactKey: Guid(b44183f522a046041a038672c815642e) Importer(815301076,1909f56bfc062723c751e8b465ee728b)
Start importing Assets/Prefabs/CreatureWorldUI.prefab using Guid(b44183f522a046041a038672c815642e) Importer(815301076,1909f56bfc062723c751e8b465ee728b)  -> (artifact id: 'c288838db341d968bc47a58a8641a085') in 0.073152 seconds
  Import took 0.075762 seconds .

========================================================================
Received Import Request.
  Time since last request: 1.821179 seconds.
  path: Assets/Prefabs/CreatureWorldUI.prefab
  artifactKey: Guid(b44183f522a046041a038672c815642e) Importer(815301076,1909f56bfc062723c751e8b465ee728b)
Start importing Assets/Prefabs/CreatureWorldUI.prefab using Guid(b44183f522a046041a038672c815642e) Importer(815301076,1909f56bfc062723c751e8b465ee728b)  -> (artifact id: 'b8f4d67de4db0c821a81832a8a1b2561') in 0.021769 seconds
  Import took 0.024301 seconds .

========================================================================
Received Import Request.
  Time since last request: 1.090692 seconds.
  path: Assets/Prefabs/CreatureWorldUI.prefab
  artifactKey: Guid(b44183f522a046041a038672c815642e) Importer(815301076,1909f56bfc062723c751e8b465ee728b)
Start importing Assets/Prefabs/CreatureWorldUI.prefab using Guid(b44183f522a046041a038672c815642e) Importer(815301076,1909f56bfc062723c751e8b465ee728b)  -> (artifact id: 'd5512da141486140b5de005fa4cf5851') in 0.020865 seconds
  Import took 0.023351 seconds .

========================================================================
Received Import Request.
  Time since last request: 3.802797 seconds.
  path: Assets/Prefabs/CreatureWorldUI.prefab
  artifactKey: Guid(b44183f522a046041a038672c815642e) Importer(815301076,1909f56bfc062723c751e8b465ee728b)
Start importing Assets/Prefabs/CreatureWorldUI.prefab using Guid(b44183f522a046041a038672c815642e) Importer(815301076,1909f56bfc062723c751e8b465ee728b)  -> (artifact id: 'dcc1a3d3deab1d2b1bed2b29a233af72') in 0.022003 seconds
  Import took 0.024642 seconds .

========================================================================
Received Import Request.
  Time since last request: 11.495821 seconds.
  path: Assets/Prefabs/UpdatedAnimals/Zebra.prefab
  artifactKey: Guid(5b99c72ced567734aaea589bc85ababe) Importer(815301076,1909f56bfc062723c751e8b465ee728b)
Start importing Assets/Prefabs/UpdatedAnimals/Zebra.prefab using Guid(5b99c72ced567734aaea589bc85ababe) Importer(815301076,1909f56bfc062723c751e8b465ee728b)  -> (artifact id: '03fe7ce55e7bdc40b3063fac39a2c485') in 0.173288 seconds
  Import took 0.176379 seconds .

========================================================================
Received Import Request.
  Time since last request: 3.879433 seconds.
  path: Assets/Prefabs/UpdatedAnimals/Zebra.prefab
  artifactKey: Guid(5b99c72ced567734aaea589bc85ababe) Importer(815301076,1909f56bfc062723c751e8b465ee728b)
Start importing Assets/Prefabs/UpdatedAnimals/Zebra.prefab using Guid(5b99c72ced567734aaea589bc85ababe) Importer(815301076,1909f56bfc062723c751e8b465ee728b)  -> (artifact id: '3a57839c80ca380edaf61120624b89fc') in 0.069535 seconds
  Import took 0.072857 seconds .

========================================================================
Received Import Request.
  Time since last request: 0.733908 seconds.
  path: Assets/Prefabs/UpdatedAnimals/Zebra.prefab
  artifactKey: Guid(5b99c72ced567734aaea589bc85ababe) Importer(815301076,1909f56bfc062723c751e8b465ee728b)
Start importing Assets/Prefabs/UpdatedAnimals/Zebra.prefab using Guid(5b99c72ced567734aaea589bc85ababe) Importer(815301076,1909f56bfc062723c751e8b465ee728b)  -> (artifact id: '4e7182975083468c56cebaa29715edcd') in 0.063213 seconds
  Import took 0.066327 seconds .

========================================================================
Received Import Request.
  Time since last request: 4.412562 seconds.
  path: Assets/Prefabs/UpdatedAnimals/Bear.prefab
  artifactKey: Guid(1b001274b5729ef449ca2bb931523629) Importer(815301076,1909f56bfc062723c751e8b465ee728b)
Start importing Assets/Prefabs/UpdatedAnimals/Bear.prefab using Guid(1b001274b5729ef449ca2bb931523629) Importer(815301076,1909f56bfc062723c751e8b465ee728b)  -> (artifact id: '7103372d2aefa6867bb0fbcdb230ddb8') in 0.066990 seconds
  Import took 0.070156 seconds .

========================================================================
Received Import Request.
  Time since last request: 0.000146 seconds.
  path: Assets/Prefabs/UpdatedAnimals/Lion.prefab
  artifactKey: Guid(93bf580238616bb42b1280e41b45bd71) Importer(815301076,1909f56bfc062723c751e8b465ee728b)
Start importing Assets/Prefabs/UpdatedAnimals/Lion.prefab using Guid(93bf580238616bb42b1280e41b45bd71) Importer(815301076,1909f56bfc062723c751e8b465ee728b)  -> (artifact id: '08cee94680eec5bd33f89c4df031a4f7') in 0.068129 seconds
  Import took 0.070896 seconds .

========================================================================
Received Import Request.
  Time since last request: 0.000131 seconds.
  path: Assets/Prefabs/UpdatedAnimals/Cow.prefab
  artifactKey: Guid(2ddeb63c12fbc154396d68c4a2faa6e2) Importer(815301076,1909f56bfc062723c751e8b465ee728b)
Start importing Assets/Prefabs/UpdatedAnimals/Cow.prefab using Guid(2ddeb63c12fbc154396d68c4a2faa6e2) Importer(815301076,1909f56bfc062723c751e8b465ee728b)  -> (artifact id: 'fd0abbd7f49ac0df1a34a62fea757367') in 0.068201 seconds
  Import took 0.070919 seconds .

========================================================================
Received Prepare
Registering precompiled user dll's ...
Registered in 0.002940 seconds.
Begin MonoManager ReloadAssembly
Native extension for WindowsStandalone target not found
Refreshing native plugins compatible for Editor in 0.53 ms, found 7 plugins.
Preloading 1 native plugins for Editor in 0.05 ms.
Invoked RoslynAnalysisRunner static constructor.
RoslynAnalysisRunner will not be running.
RoslynAnalysisRunner has terminated.
Mono: successfully reloaded assembly
- Completed reload, in  0.601 seconds
Platform modules already initialized, skipping
Switching build target platform(5) subTarget(0) extendedPlatform(0) -> platform(13) subTarget(589824) extendedPlatform(0)
Refreshing native plugins compatible for Editor in 0.85 ms, found 7 plugins.
Preloading 1 native plugins for Editor in 0.06 ms.
Unloading 1841 Unused Serialized files (Serialized files now loaded: 0)
System memory in use before: 97.9 MB.
System memory in use after: 98.0 MB.

Unloading 8 unused Assets to reduce memory usage. Loaded Objects now: 2369.
Total: 1.591700 ms (FindLiveObjects: 0.180000 ms CreateObjectMapping: 0.041100 ms MarkObjects: 1.317200 ms  DeleteObjects: 0.052800 ms)

AssetImportParameters requested are different than current active one (requested -> active):
  custom:graphics/normal-map-encoding: 01000000000000000000000000000000 -> 02000000000000000000000000000000
========================================================================
Received Prepare
Registering precompiled user dll's ...
Registered in 0.004441 seconds.
Begin MonoManager ReloadAssembly
Native extension for WindowsStandalone target not found
Refreshing native plugins compatible for Editor in 0.52 ms, found 7 plugins.
Preloading 1 native plugins for Editor in 0.05 ms.
Invoked RoslynAnalysisRunner static constructor.
RoslynAnalysisRunner will not be running.
RoslynAnalysisRunner has terminated.
Mono: successfully reloaded assembly
- Completed reload, in  0.608 seconds
Platform modules already initialized, skipping
Switching build target platform(5) subTarget(0) extendedPlatform(0) -> platform(13) subTarget(589824) extendedPlatform(0)
Refreshing native plugins compatible for Editor in 0.50 ms, found 7 plugins.
Preloading 1 native plugins for Editor in 0.05 ms.
Unloading 1841 Unused Serialized files (Serialized files now loaded: 0)
System memory in use before: 97.9 MB.
System memory in use after: 98.0 MB.

Unloading 8 unused Assets to reduce memory usage. Loaded Objects now: 2373.
Total: 1.789200 ms (FindLiveObjects: 0.215600 ms CreateObjectMapping: 0.052800 ms MarkObjects: 1.471300 ms  DeleteObjects: 0.048500 ms)

AssetImportParameters requested are different than current active one (requested -> active):
  custom:graphics/normal-map-encoding: 01000000000000000000000000000000 -> 02000000000000000000000000000000
========================================================================
Received Prepare
Registering precompiled user dll's ...
Registered in 0.002866 seconds.
Begin MonoManager ReloadAssembly
Native extension for WindowsStandalone target not found
Refreshing native plugins compatible for Editor in 0.52 ms, found 7 plugins.
Preloading 1 native plugins for Editor in 0.06 ms.
Invoked RoslynAnalysisRunner static constructor.
RoslynAnalysisRunner will not be running.
RoslynAnalysisRunner has terminated.
Mono: successfully reloaded assembly
- Completed reload, in  0.618 seconds
Platform modules already initialized, skipping
Switching build target platform(5) subTarget(0) extendedPlatform(0) -> platform(13) subTarget(589824) extendedPlatform(0)
Refreshing native plugins compatible for Editor in 0.53 ms, found 7 plugins.
Preloading 1 native plugins for Editor in 0.05 ms.
Unloading 1841 Unused Serialized files (Serialized files now loaded: 0)
System memory in use before: 98.0 MB.
System memory in use after: 98.0 MB.

Unloading 8 unused Assets to reduce memory usage. Loaded Objects now: 2377.
Total: 1.694500 ms (FindLiveObjects: 0.184000 ms CreateObjectMapping: 0.049900 ms MarkObjects: 1.408400 ms  DeleteObjects: 0.051600 ms)

AssetImportParameters requested are different than current active one (requested -> active):
  custom:graphics/normal-map-encoding: 01000000000000000000000000000000 -> 02000000000000000000000000000000
========================================================================
Received Prepare
Registering precompiled user dll's ...
Registered in 0.002921 seconds.
Begin MonoManager ReloadAssembly
Native extension for WindowsStandalone target not found
Refreshing native plugins compatible for Editor in 0.53 ms, found 7 plugins.
Preloading 1 native plugins for Editor in 0.05 ms.
Invoked RoslynAnalysisRunner static constructor.
RoslynAnalysisRunner will not be running.
RoslynAnalysisRunner has terminated.
Mono: successfully reloaded assembly
- Completed reload, in  0.614 seconds
Platform modules already initialized, skipping
Switching build target platform(5) subTarget(0) extendedPlatform(0) -> platform(13) subTarget(589824) extendedPlatform(0)
Refreshing native plugins compatible for Editor in 0.52 ms, found 7 plugins.
Preloading 1 native plugins for Editor in 0.05 ms.
Unloading 1841 Unused Serialized files (Serialized files now loaded: 0)
System memory in use before: 98.0 MB.
System memory in use after: 98.1 MB.

Unloading 8 unused Assets to reduce memory usage. Loaded Objects now: 2381.
Total: 1.725200 ms (FindLiveObjects: 0.189400 ms CreateObjectMapping: 0.062800 ms MarkObjects: 1.418000 ms  DeleteObjects: 0.054100 ms)

AssetImportParameters requested are different than current active one (requested -> active):
  custom:graphics/normal-map-encoding: 01000000000000000000000000000000 -> 02000000000000000000000000000000
========================================================================
Received Prepare
Registering precompiled user dll's ...
Registered in 0.003212 seconds.
Begin MonoManager ReloadAssembly
Native extension for WindowsStandalone target not found
Refreshing native plugins compatible for Editor in 0.55 ms, found 7 plugins.
Preloading 1 native plugins for Editor in 0.06 ms.
Invoked RoslynAnalysisRunner static constructor.
RoslynAnalysisRunner will not be running.
RoslynAnalysisRunner has terminated.
Mono: successfully reloaded assembly
- Completed reload, in  0.608 seconds
Platform modules already initialized, skipping
Switching build target platform(5) subTarget(0) extendedPlatform(0) -> platform(13) subTarget(589824) extendedPlatform(0)
Refreshing native plugins compatible for Editor in 0.51 ms, found 7 plugins.
Preloading 1 native plugins for Editor in 0.05 ms.
Unloading 1841 Unused Serialized files (Serialized files now loaded: 0)
System memory in use before: 98.0 MB.
System memory in use after: 98.1 MB.

Unloading 8 unused Assets to reduce memory usage. Loaded Objects now: 2385.
Total: 1.699100 ms (FindLiveObjects: 0.224300 ms CreateObjectMapping: 0.039500 ms MarkObjects: 1.388200 ms  DeleteObjects: 0.046700 ms)

AssetImportParameters requested are different than current active one (requested -> active):
  custom:graphics/normal-map-encoding: 01000000000000000000000000000000 -> 02000000000000000000000000000000
========================================================================
Received Prepare
Registering precompiled user dll's ...
Registered in 0.002939 seconds.
Begin MonoManager ReloadAssembly
Native extension for WindowsStandalone target not found
Refreshing native plugins compatible for Editor in 0.52 ms, found 7 plugins.
Preloading 1 native plugins for Editor in 0.06 ms.
Invoked RoslynAnalysisRunner static constructor.
RoslynAnalysisRunner will not be running.
RoslynAnalysisRunner has terminated.
Mono: successfully reloaded assembly
- Completed reload, in  0.607 seconds
Platform modules already initialized, skipping
Switching build target platform(5) subTarget(0) extendedPlatform(0) -> platform(13) subTarget(589824) extendedPlatform(0)
Refreshing native plugins compatible for Editor in 0.52 ms, found 7 plugins.
Preloading 1 native plugins for Editor in 0.05 ms.
Unloading 1841 Unused Serialized files (Serialized files now loaded: 0)
System memory in use before: 98.0 MB.
System memory in use after: 98.1 MB.

Unloading 8 unused Assets to reduce memory usage. Loaded Objects now: 2389.
Total: 1.653400 ms (FindLiveObjects: 0.175900 ms CreateObjectMapping: 0.040300 ms MarkObjects: 1.389000 ms  DeleteObjects: 0.047600 ms)

AssetImportParameters requested are different than current active one (requested -> active):
  custom:graphics/normal-map-encoding: 01000000000000000000000000000000 -> 02000000000000000000000000000000
========================================================================
Received Prepare
Refreshing native plugins compatible for Editor in 1.31 ms, found 7 plugins.
Preloading 1 native plugins for Editor in 0.04 ms.
Unloading 5 Unused Serialized files (Serialized files now loaded: 0)
System memory in use before: 61.9 MB.
System memory in use after: 62.0 MB.

Unloading 5 unused Assets to reduce memory usage. Loaded Objects now: 2389.
Total: 1.859500 ms (FindLiveObjects: 0.209800 ms CreateObjectMapping: 0.072700 ms MarkObjects: 1.508200 ms  DeleteObjects: 0.068100 ms)

========================================================================
Received Prepare
Registering precompiled user dll's ...
Registered in 0.003087 seconds.
Begin MonoManager ReloadAssembly
Native extension for WindowsStandalone target not found
Refreshing native plugins compatible for Editor in 0.54 ms, found 7 plugins.
Preloading 1 native plugins for Editor in 0.05 ms.
Invoked RoslynAnalysisRunner static constructor.
RoslynAnalysisRunner will not be running.
RoslynAnalysisRunner has terminated.
Mono: successfully reloaded assembly
- Completed reload, in  0.635 seconds
Platform modules already initialized, skipping
Switching build target platform(5) subTarget(0) extendedPlatform(0) -> platform(13) subTarget(589824) extendedPlatform(0)
Refreshing native plugins compatible for Editor in 0.49 ms, found 7 plugins.
Preloading 1 native plugins for Editor in 0.05 ms.
Unloading 1841 Unused Serialized files (Serialized files now loaded: 0)
System memory in use before: 98.0 MB.
System memory in use after: 98.1 MB.

Unloading 8 unused Assets to reduce memory usage. Loaded Objects now: 2393.
Total: 1.567400 ms (FindLiveObjects: 0.161800 ms CreateObjectMapping: 0.041200 ms MarkObjects: 1.313100 ms  DeleteObjects: 0.050800 ms)

AssetImportParameters requested are different than current active one (requested -> active):
  custom:graphics/normal-map-encoding: 01000000000000000000000000000000 -> 02000000000000000000000000000000
========================================================================
Received Prepare
Registering precompiled user dll's ...
Registered in 0.003039 seconds.
Begin MonoManager ReloadAssembly
Native extension for WindowsStandalone target not found
Refreshing native plugins compatible for Editor in 0.57 ms, found 7 plugins.
Preloading 1 native plugins for Editor in 0.06 ms.
Invoked RoslynAnalysisRunner static constructor.
RoslynAnalysisRunner will not be running.
RoslynAnalysisRunner has terminated.
Mono: successfully reloaded assembly
- Completed reload, in  0.717 seconds
Platform modules already initialized, skipping
Switching build target platform(5) subTarget(0) extendedPlatform(0) -> platform(13) subTarget(589824) extendedPlatform(0)
Refreshing native plugins compatible for Editor in 0.58 ms, found 7 plugins.
Preloading 1 native plugins for Editor in 0.05 ms.
Unloading 1841 Unused Serialized files (Serialized files now loaded: 0)
System memory in use before: 98.0 MB.
System memory in use after: 98.1 MB.

Unloading 8 unused Assets to reduce memory usage. Loaded Objects now: 2397.
Total: 1.595600 ms (FindLiveObjects: 0.192500 ms CreateObjectMapping: 0.039000 ms MarkObjects: 1.306000 ms  DeleteObjects: 0.057500 ms)

AssetImportParameters requested are different than current active one (requested -> active):
  custom:graphics/normal-map-encoding: 01000000000000000000000000000000 -> 02000000000000000000000000000000
========================================================================
Received Prepare
Refreshing native plugins compatible for Editor in 1.25 ms, found 7 plugins.
Preloading 1 native plugins for Editor in 0.04 ms.
Unloading 5 Unused Serialized files (Serialized files now loaded: 0)
System memory in use before: 61.9 MB.
System memory in use after: 62.0 MB.

Unloading 5 unused Assets to reduce memory usage. Loaded Objects now: 2397.
Total: 1.989800 ms (FindLiveObjects: 0.322900 ms CreateObjectMapping: 0.086700 ms MarkObjects: 1.508500 ms  DeleteObjects: 0.071000 ms)

========================================================================
Received Prepare
Registering precompiled user dll's ...
Registered in 0.004463 seconds.
Begin MonoManager ReloadAssembly
Native extension for WindowsStandalone target not found
Refreshing native plugins compatible for Editor in 0.53 ms, found 7 plugins.
Preloading 1 native plugins for Editor in 0.05 ms.
Invoked RoslynAnalysisRunner static constructor.
RoslynAnalysisRunner will not be running.
RoslynAnalysisRunner has terminated.
Mono: successfully reloaded assembly
- Completed reload, in  0.616 seconds
Platform modules already initialized, skipping
Switching build target platform(5) subTarget(0) extendedPlatform(0) -> platform(13) subTarget(589824) extendedPlatform(0)
Refreshing native plugins compatible for Editor in 0.52 ms, found 7 plugins.
Preloading 1 native plugins for Editor in 0.05 ms.
Unloading 1841 Unused Serialized files (Serialized files now loaded: 0)
System memory in use before: 98.0 MB.
System memory in use after: 98.1 MB.

Unloading 8 unused Assets to reduce memory usage. Loaded Objects now: 2401.
Total: 1.705200 ms (FindLiveObjects: 0.222100 ms CreateObjectMapping: 0.045200 ms MarkObjects: 1.376800 ms  DeleteObjects: 0.060300 ms)

AssetImportParameters requested are different than current active one (requested -> active):
  custom:graphics/normal-map-encoding: 01000000000000000000000000000000 -> 02000000000000000000000000000000
========================================================================
Received Prepare
Registering precompiled user dll's ...
Registered in 0.003000 seconds.
Begin MonoManager ReloadAssembly
Native extension for WindowsStandalone target not found
Refreshing native plugins compatible for Editor in 0.60 ms, found 7 plugins.
Preloading 1 native plugins for Editor in 0.06 ms.
Invoked RoslynAnalysisRunner static constructor.
RoslynAnalysisRunner will not be running.
RoslynAnalysisRunner has terminated.
Mono: successfully reloaded assembly
- Completed reload, in  0.634 seconds
Platform modules already initialized, skipping
Switching build target platform(5) subTarget(0) extendedPlatform(0) -> platform(13) subTarget(589824) extendedPlatform(0)
Refreshing native plugins compatible for Editor in 0.52 ms, found 7 plugins.
Preloading 1 native plugins for Editor in 0.04 ms.
Unloading 1841 Unused Serialized files (Serialized files now loaded: 0)
System memory in use before: 98.1 MB.
System memory in use after: 98.1 MB.

Unloading 8 unused Assets to reduce memory usage. Loaded Objects now: 2405.
Total: 1.669400 ms (FindLiveObjects: 0.173100 ms CreateObjectMapping: 0.040200 ms MarkObjects: 1.396100 ms  DeleteObjects: 0.059300 ms)

AssetImportParameters requested are different than current active one (requested -> active):
  custom:graphics/normal-map-encoding: 01000000000000000000000000000000 -> 02000000000000000000000000000000
========================================================================
Received Prepare
Registering precompiled user dll's ...
Registered in 0.003449 seconds.
Begin MonoManager ReloadAssembly
Native extension for WindowsStandalone target not found
Refreshing native plugins compatible for Editor in 0.53 ms, found 7 plugins.
Preloading 1 native plugins for Editor in 0.05 ms.
Invoked RoslynAnalysisRunner static constructor.
RoslynAnalysisRunner will not be running.
RoslynAnalysisRunner has terminated.
Mono: successfully reloaded assembly
- Completed reload, in  0.641 seconds
Platform modules already initialized, skipping
Switching build target platform(5) subTarget(0) extendedPlatform(0) -> platform(13) subTarget(589824) extendedPlatform(0)
Refreshing native plugins compatible for Editor in 0.52 ms, found 7 plugins.
Preloading 1 native plugins for Editor in 0.05 ms.
Unloading 1841 Unused Serialized files (Serialized files now loaded: 0)
System memory in use before: 98.1 MB.
System memory in use after: 98.1 MB.

Unloading 8 unused Assets to reduce memory usage. Loaded Objects now: 2409.
Total: 1.606400 ms (FindLiveObjects: 0.195400 ms CreateObjectMapping: 0.039100 ms MarkObjects: 1.319100 ms  DeleteObjects: 0.052000 ms)

AssetImportParameters requested are different than current active one (requested -> active):
  custom:graphics/normal-map-encoding: 01000000000000000000000000000000 -> 02000000000000000000000000000000
========================================================================
Received Prepare
Registering precompiled user dll's ...
Registered in 0.002867 seconds.
Begin MonoManager ReloadAssembly
Native extension for WindowsStandalone target not found
Refreshing native plugins compatible for Editor in 0.54 ms, found 7 plugins.
Preloading 1 native plugins for Editor in 0.05 ms.
Invoked RoslynAnalysisRunner static constructor.
RoslynAnalysisRunner will not be running.
RoslynAnalysisRunner has terminated.
Mono: successfully reloaded assembly
- Completed reload, in  0.651 seconds
Platform modules already initialized, skipping
Switching build target platform(5) subTarget(0) extendedPlatform(0) -> platform(13) subTarget(589824) extendedPlatform(0)
Refreshing native plugins compatible for Editor in 0.51 ms, found 7 plugins.
Preloading 1 native plugins for Editor in 0.05 ms.
Unloading 1841 Unused Serialized files (Serialized files now loaded: 0)
System memory in use before: 98.1 MB.
System memory in use after: 98.1 MB.

Unloading 8 unused Assets to reduce memory usage. Loaded Objects now: 2413.
Total: 2.026100 ms (FindLiveObjects: 0.273100 ms CreateObjectMapping: 0.078900 ms MarkObjects: 1.611100 ms  DeleteObjects: 0.062200 ms)

AssetImportParameters requested are different than current active one (requested -> active):
  custom:graphics/normal-map-encoding: 01000000000000000000000000000000 -> 02000000000000000000000000000000
========================================================================
Received Prepare
Refreshing native plugins compatible for Editor in 1.32 ms, found 7 plugins.
Preloading 1 native plugins for Editor in 0.04 ms.
Unloading 5 Unused Serialized files (Serialized files now loaded: 0)
System memory in use before: 61.9 MB.
System memory in use after: 62.0 MB.

Unloading 5 unused Assets to reduce memory usage. Loaded Objects now: 2413.
Total: 1.694900 ms (FindLiveObjects: 0.238700 ms CreateObjectMapping: 0.039300 ms MarkObjects: 1.347700 ms  DeleteObjects: 0.068500 ms)

========================================================================
Received Prepare
Registering precompiled user dll's ...
Registered in 0.002972 seconds.
Begin MonoManager ReloadAssembly
Native extension for WindowsStandalone target not found
Refreshing native plugins compatible for Editor in 0.53 ms, found 7 plugins.
Preloading 1 native plugins for Editor in 0.05 ms.
Invoked RoslynAnalysisRunner static constructor.
RoslynAnalysisRunner will not be running.
RoslynAnalysisRunner has terminated.
Mono: successfully reloaded assembly
- Completed reload, in  0.634 seconds
Platform modules already initialized, skipping
Switching build target platform(5) subTarget(0) extendedPlatform(0) -> platform(13) subTarget(589824) extendedPlatform(0)
Refreshing native plugins compatible for Editor in 0.50 ms, found 7 plugins.
Preloading 1 native plugins for Editor in 0.05 ms.
Unloading 1841 Unused Serialized files (Serialized files now loaded: 0)
System memory in use before: 98.1 MB.
System memory in use after: 98.2 MB.

Unloading 8 unused Assets to reduce memory usage. Loaded Objects now: 2417.
Total: 1.606900 ms (FindLiveObjects: 0.153700 ms CreateObjectMapping: 0.038600 ms MarkObjects: 1.365300 ms  DeleteObjects: 0.048500 ms)

AssetImportParameters requested are different than current active one (requested -> active):
  custom:graphics/normal-map-encoding: 01000000000000000000000000000000 -> 02000000000000000000000000000000
========================================================================
Received Prepare
Refreshing native plugins compatible for Editor in 1.29 ms, found 7 plugins.
Preloading 1 native plugins for Editor in 0.04 ms.
Unloading 5 Unused Serialized files (Serialized files now loaded: 0)
System memory in use before: 61.9 MB.
System memory in use after: 62.0 MB.

Unloading 5 unused Assets to reduce memory usage. Loaded Objects now: 2417.
Total: 1.641600 ms (FindLiveObjects: 0.201200 ms CreateObjectMapping: 0.039200 ms MarkObjects: 1.333400 ms  DeleteObjects: 0.067300 ms)

========================================================================
Received Prepare
Registering precompiled user dll's ...
Registered in 0.002965 seconds.
Begin MonoManager ReloadAssembly
Native extension for WindowsStandalone target not found
Refreshing native plugins compatible for Editor in 0.52 ms, found 7 plugins.
Preloading 1 native plugins for Editor in 0.05 ms.
Invoked RoslynAnalysisRunner static constructor.
RoslynAnalysisRunner will not be running.
RoslynAnalysisRunner has terminated.
Mono: successfully reloaded assembly
- Completed reload, in  0.656 seconds
Platform modules already initialized, skipping
Switching build target platform(5) subTarget(0) extendedPlatform(0) -> platform(13) subTarget(589824) extendedPlatform(0)
Refreshing native plugins compatible for Editor in 0.53 ms, found 7 plugins.
Preloading 1 native plugins for Editor in 0.05 ms.
Unloading 1841 Unused Serialized files (Serialized files now loaded: 0)
System memory in use before: 98.1 MB.
System memory in use after: 98.2 MB.

Unloading 8 unused Assets to reduce memory usage. Loaded Objects now: 2421.
Total: 1.678200 ms (FindLiveObjects: 0.249800 ms CreateObjectMapping: 0.040000 ms MarkObjects: 1.333700 ms  DeleteObjects: 0.053600 ms)

AssetImportParameters requested are different than current active one (requested -> active):
  custom:graphics/normal-map-encoding: 01000000000000000000000000000000 -> 02000000000000000000000000000000
========================================================================
Received Prepare
Registering precompiled user dll's ...
Registered in 0.002811 seconds.
Begin MonoManager ReloadAssembly
Native extension for WindowsStandalone target not found
Refreshing native plugins compatible for Editor in 0.53 ms, found 7 plugins.
Preloading 1 native plugins for Editor in 0.05 ms.
Invoked RoslynAnalysisRunner static constructor.
RoslynAnalysisRunner will not be running.
RoslynAnalysisRunner has terminated.
Mono: successfully reloaded assembly
- Completed reload, in  0.647 seconds
Platform modules already initialized, skipping
Switching build target platform(5) subTarget(0) extendedPlatform(0) -> platform(13) subTarget(589824) extendedPlatform(0)
Refreshing native plugins compatible for Editor in 0.51 ms, found 7 plugins.
Preloading 1 native plugins for Editor in 0.06 ms.
Unloading 1841 Unused Serialized files (Serialized files now loaded: 0)
System memory in use before: 98.1 MB.
System memory in use after: 98.2 MB.

Unloading 8 unused Assets to reduce memory usage. Loaded Objects now: 2425.
Total: 1.560500 ms (FindLiveObjects: 0.146300 ms CreateObjectMapping: 0.038600 ms MarkObjects: 1.326600 ms  DeleteObjects: 0.048300 ms)

AssetImportParameters requested are different than current active one (requested -> active):
  custom:graphics/normal-map-encoding: 01000000000000000000000000000000 -> 02000000000000000000000000000000
========================================================================
Received Prepare
Registering precompiled user dll's ...
Registered in 0.003040 seconds.
Begin MonoManager ReloadAssembly
Native extension for WindowsStandalone target not found
Refreshing native plugins compatible for Editor in 0.55 ms, found 7 plugins.
Preloading 1 native plugins for Editor in 0.06 ms.
Invoked RoslynAnalysisRunner static constructor.
RoslynAnalysisRunner will not be running.
RoslynAnalysisRunner has terminated.
Mono: successfully reloaded assembly
- Completed reload, in  0.688 seconds
Platform modules already initialized, skipping
Switching build target platform(5) subTarget(0) extendedPlatform(0) -> platform(13) subTarget(589824) extendedPlatform(0)
Refreshing native plugins compatible for Editor in 0.54 ms, found 7 plugins.
Preloading 1 native plugins for Editor in 0.05 ms.
Unloading 1841 Unused Serialized files (Serialized files now loaded: 0)
System memory in use before: 98.1 MB.
System memory in use after: 98.2 MB.

Unloading 8 unused Assets to reduce memory usage. Loaded Objects now: 2429.
Total: 1.697700 ms (FindLiveObjects: 0.201300 ms CreateObjectMapping: 0.040100 ms MarkObjects: 1.404300 ms  DeleteObjects: 0.051500 ms)

AssetImportParameters requested are different than current active one (requested -> active):
  custom:graphics/normal-map-encoding: 01000000000000000000000000000000 -> 02000000000000000000000000000000
========================================================================
Received Prepare
Refreshing native plugins compatible for Editor in 1.24 ms, found 7 plugins.
Preloading 1 native plugins for Editor in 0.04 ms.
Unloading 5 Unused Serialized files (Serialized files now loaded: 0)
System memory in use before: 62.0 MB.
System memory in use after: 62.1 MB.

Unloading 5 unused Assets to reduce memory usage. Loaded Objects now: 2429.
Total: 1.790400 ms (FindLiveObjects: 0.205100 ms CreateObjectMapping: 0.072600 ms MarkObjects: 1.451100 ms  DeleteObjects: 0.061000 ms)

