Using pre-set license
Built from '2020.3/release' branch; Version is '2020.3.1f1 (77a89f25062f) revision 7841951'; Using compiler version '192528614'; Build Type 'Release'
OS: 'Windows 10 Education; OS build 19042.746; Version 2009; 64bit' Language: 'en' Physical Memory: 65480 MB
BatchMode: 1, IsHumanControllingUs: 0, StartBugReporterOnCrash: 0, Is64bit: 1, IsPro: 0

 COMMAND LINE ARGUMENTS:
C:\Program Files\Unity\Hub\Editor\2020.3.1f1\Editor\Unity.exe
-adb2
-batchMode
-noUpm
-name
AssetImportWorker0
-projectPath
D:/Dev/ARAssignment1
-logFile
Logs/AssetImportWorker0.log
-srvPort
51893
Successfully changed project path to: D:/Dev/ARAssignment1
D:/Dev/ARAssignment1
Using Asset Import Pipeline V2.
Refreshing native plugins compatible for Editor in 37.32 ms, found 7 plugins.
Preloading 1 native plugins for Editor in 0.61 ms.
Initialize engine version: 2020.3.1f1 (77a89f25062f)
[Subsystems] Discovering subsystems at path C:/Program Files/Unity/Hub/Editor/2020.3.1f1/Editor/Data/Resources/UnitySubsystems
[Subsystems] Discovering subsystems at path D:/Dev/ARAssignment1/Assets
GfxDevice: creating device client; threaded=0
Direct3D:
    Version:  Direct3D 11.0 [level 11.1]
    Renderer: AMD Radeon RX 6800 XT (ID=0x73bf)
    Vendor:   
    VRAM:     16082 MB
    Driver:   27.20.15003.1004
Initialize mono
Mono path[0] = 'C:/Program Files/Unity/Hub/Editor/2020.3.1f1/Editor/Data/Managed'
Mono path[1] = 'C:/Program Files/Unity/Hub/Editor/2020.3.1f1/Editor/Data/MonoBleedingEdge/lib/mono/unityjit'
Mono config path = 'C:/Program Files/Unity/Hub/Editor/2020.3.1f1/Editor/Data/MonoBleedingEdge/etc'
Using monoOptions --debugger-agent=transport=dt_socket,embedding=1,server=y,suspend=n,address=127.0.0.1:56884
Begin MonoManager ReloadAssembly
Registering precompiled unity dll's ...
Register platform support module: C:/Program Files/Unity/Hub/Editor/2020.3.1f1/Editor/Data/PlaybackEngines/WindowsStandaloneSupport/UnityEditor.WindowsStandalone.Extensions.dll
Registered in 0.001430 seconds.
Native extension for WindowsStandalone target not found
Refreshing native plugins compatible for Editor in 30.96 ms, found 7 plugins.
Preloading 1 native plugins for Editor in 0.05 ms.
Invoked RoslynAnalysisRunner static constructor.
RoslynAnalysisRunner will not be running.
RoslynAnalysisRunner has terminated.
Mono: successfully reloaded assembly
- Completed reload, in  1.549 seconds
Platform modules already initialized, skipping
Registering precompiled user dll's ...
Registered in 0.002940 seconds.
Begin MonoManager ReloadAssembly
Native extension for WindowsStandalone target not found
Refreshing native plugins compatible for Editor in 30.53 ms, found 7 plugins.
Preloading 1 native plugins for Editor in 0.05 ms.
Invoked RoslynAnalysisRunner static constructor.
RoslynAnalysisRunner will not be running.
RoslynAnalysisRunner has terminated.
Mono: successfully reloaded assembly
- Completed reload, in  0.658 seconds
Platform modules already initialized, skipping
========================================================================
Worker process is ready to serve import requests
Launched and connected shader compiler UnityShaderCompiler.exe after 0.03 seconds
Refreshing native plugins compatible for Editor in 0.50 ms, found 7 plugins.
Preloading 1 native plugins for Editor in 0.05 ms.
Unloading 1896 Unused Serialized files (Serialized files now loaded: 0)
System memory in use before: 97.7 MB.
System memory in use after: 97.7 MB.

Unloading 13 unused Assets to reduce memory usage. Loaded Objects now: 2357.
Total: 1.830800 ms (FindLiveObjects: 0.225800 ms CreateObjectMapping: 0.059300 ms MarkObjects: 1.471400 ms  DeleteObjects: 0.073600 ms)

========================================================================
Received Import Request.
  path: Assets/Imported/Suriyun/Cute Pet/Animations/TypeA/TypeA.controller
  artifactKey: Guid(b44d55d3a669d654498cc4a4b05655ea) Importer(815301076,1909f56bfc062723c751e8b465ee728b)
Start importing Assets/Imported/Suriyun/Cute Pet/Animations/TypeA/TypeA.controller using Guid(b44d55d3a669d654498cc4a4b05655ea) Importer(815301076,1909f56bfc062723c751e8b465ee728b)  -> (artifact id: '528a1de06bca89306eb64b32eb6bfc2d') in 0.030575 seconds
  Import took 0.033235 seconds .

========================================================================
Received Import Request.
  Time since last request: 296.317657 seconds.
  path: Assets/Scripts/AnimalHandler.cs
  artifactKey: Guid(5b7c0dc42b5ea66438d9d98ceb818806) Importer(815301076,1909f56bfc062723c751e8b465ee728b)
Start importing Assets/Scripts/AnimalHandler.cs using Guid(5b7c0dc42b5ea66438d9d98ceb818806) Importer(815301076,1909f56bfc062723c751e8b465ee728b)  -> (artifact id: '26d3511b51222c73b0a31336d98c7324') in 0.012065 seconds
  Import took 0.058911 seconds .

========================================================================
Received Prepare
Registering precompiled user dll's ...
Registered in 0.002889 seconds.
Begin MonoManager ReloadAssembly
Native extension for WindowsStandalone target not found
Refreshing native plugins compatible for Editor in 0.52 ms, found 7 plugins.
Preloading 1 native plugins for Editor in 0.05 ms.
Invoked RoslynAnalysisRunner static constructor.
RoslynAnalysisRunner will not be running.
RoslynAnalysisRunner has terminated.
Mono: successfully reloaded assembly
- Completed reload, in  0.595 seconds
Platform modules already initialized, skipping
Switching build target platform(5) subTarget(0) extendedPlatform(0) -> platform(13) subTarget(589824) extendedPlatform(0)
Refreshing native plugins compatible for Editor in 0.58 ms, found 7 plugins.
Preloading 1 native plugins for Editor in 0.06 ms.
Unloading 1842 Unused Serialized files (Serialized files now loaded: 0)
System memory in use before: 94.8 MB.
System memory in use after: 94.9 MB.

Unloading 9 unused Assets to reduce memory usage. Loaded Objects now: 2361.
Total: 1.793300 ms (FindLiveObjects: 0.201700 ms CreateObjectMapping: 0.058400 ms MarkObjects: 1.471200 ms  DeleteObjects: 0.061400 ms)

AssetImportParameters requested are different than current active one (requested -> active):
  custom:graphics/normal-map-encoding: 01000000000000000000000000000000 -> 02000000000000000000000000000000
========================================================================
Received Import Request.
  Time since last request: 215.331148 seconds.
  path: Assets/Scripts/AnimalHandler.cs
  artifactKey: Guid(5b7c0dc42b5ea66438d9d98ceb818806) Importer(815301076,1909f56bfc062723c751e8b465ee728b)
Start importing Assets/Scripts/AnimalHandler.cs using Guid(5b7c0dc42b5ea66438d9d98ceb818806) Importer(815301076,1909f56bfc062723c751e8b465ee728b)  -> (artifact id: 'f47494ec9f1984c5b348ce374cff8e70') in 0.007716 seconds
  Import took 0.009781 seconds .

========================================================================
Received Prepare
Registering precompiled user dll's ...
Registered in 0.003040 seconds.
Begin MonoManager ReloadAssembly
Native extension for WindowsStandalone target not found
Refreshing native plugins compatible for Editor in 0.52 ms, found 7 plugins.
Preloading 1 native plugins for Editor in 0.05 ms.
Invoked RoslynAnalysisRunner static constructor.
RoslynAnalysisRunner will not be running.
RoslynAnalysisRunner has terminated.
Mono: successfully reloaded assembly
- Completed reload, in  0.602 seconds
Platform modules already initialized, skipping
Switching build target platform(5) subTarget(0) extendedPlatform(0) -> platform(13) subTarget(589824) extendedPlatform(0)
Refreshing native plugins compatible for Editor in 0.52 ms, found 7 plugins.
Preloading 1 native plugins for Editor in 0.05 ms.
Unloading 1842 Unused Serialized files (Serialized files now loaded: 0)
System memory in use before: 94.8 MB.
System memory in use after: 94.9 MB.

Unloading 9 unused Assets to reduce memory usage. Loaded Objects now: 2365.
Total: 1.856100 ms (FindLiveObjects: 0.261000 ms CreateObjectMapping: 0.090000 ms MarkObjects: 1.435600 ms  DeleteObjects: 0.068800 ms)

AssetImportParameters requested are different than current active one (requested -> active):
  custom:graphics/normal-map-encoding: 01000000000000000000000000000000 -> 02000000000000000000000000000000
========================================================================
Received Prepare
Registering precompiled user dll's ...
Registered in 0.003228 seconds.
Begin MonoManager ReloadAssembly
Native extension for WindowsStandalone target not found
Refreshing native plugins compatible for Editor in 0.51 ms, found 7 plugins.
Preloading 1 native plugins for Editor in 0.05 ms.
Invoked RoslynAnalysisRunner static constructor.
RoslynAnalysisRunner will not be running.
RoslynAnalysisRunner has terminated.
Mono: successfully reloaded assembly
- Completed reload, in  0.592 seconds
Platform modules already initialized, skipping
Switching build target platform(5) subTarget(0) extendedPlatform(0) -> platform(13) subTarget(589824) extendedPlatform(0)
Refreshing native plugins compatible for Editor in 0.48 ms, found 7 plugins.
Preloading 1 native plugins for Editor in 0.05 ms.
Unloading 1842 Unused Serialized files (Serialized files now loaded: 0)
System memory in use before: 94.9 MB.
System memory in use after: 94.9 MB.

Unloading 9 unused Assets to reduce memory usage. Loaded Objects now: 2369.
Total: 1.582100 ms (FindLiveObjects: 0.150400 ms CreateObjectMapping: 0.038200 ms MarkObjects: 1.337100 ms  DeleteObjects: 0.055600 ms)

AssetImportParameters requested are different than current active one (requested -> active):
  custom:graphics/normal-map-encoding: 01000000000000000000000000000000 -> 02000000000000000000000000000000
========================================================================
Received Prepare
Registering precompiled user dll's ...
Registered in 0.002851 seconds.
Begin MonoManager ReloadAssembly
Native extension for WindowsStandalone target not found
Refreshing native plugins compatible for Editor in 0.51 ms, found 7 plugins.
Preloading 1 native plugins for Editor in 0.05 ms.
Invoked RoslynAnalysisRunner static constructor.
RoslynAnalysisRunner will not be running.
RoslynAnalysisRunner has terminated.
Mono: successfully reloaded assembly
- Completed reload, in  0.598 seconds
Platform modules already initialized, skipping
Switching build target platform(5) subTarget(0) extendedPlatform(0) -> platform(13) subTarget(589824) extendedPlatform(0)
Refreshing native plugins compatible for Editor in 0.51 ms, found 7 plugins.
Preloading 1 native plugins for Editor in 0.05 ms.
Unloading 1842 Unused Serialized files (Serialized files now loaded: 0)
System memory in use before: 94.9 MB.
System memory in use after: 94.9 MB.

Unloading 9 unused Assets to reduce memory usage. Loaded Objects now: 2373.
Total: 1.567100 ms (FindLiveObjects: 0.141700 ms CreateObjectMapping: 0.039100 ms MarkObjects: 1.331700 ms  DeleteObjects: 0.053900 ms)

AssetImportParameters requested are different than current active one (requested -> active):
  custom:graphics/normal-map-encoding: 01000000000000000000000000000000 -> 02000000000000000000000000000000
========================================================================
Received Import Request.
  Time since last request: 360.132581 seconds.
  path: Assets/Prefabs/UpdatedAnimals
  artifactKey: Guid(8a08383d6ebc4cd4c88c093e3a9ad654) Importer(815301076,1909f56bfc062723c751e8b465ee728b)
Start importing Assets/Prefabs/UpdatedAnimals using Guid(8a08383d6ebc4cd4c88c093e3a9ad654) Importer(815301076,1909f56bfc062723c751e8b465ee728b)  -> (artifact id: '07dc549da4715ee0c242b8a3550698be') in 0.007232 seconds
  Import took 0.009195 seconds .

========================================================================
Received Import Request.
  Time since last request: 2.594213 seconds.
  path: Assets/Prefabs/UpdatedAnimals/Bear.prefab
  artifactKey: Guid(1b001274b5729ef449ca2bb931523629) Importer(815301076,1909f56bfc062723c751e8b465ee728b)
Start importing Assets/Prefabs/UpdatedAnimals/Bear.prefab using Guid(1b001274b5729ef449ca2bb931523629) Importer(815301076,1909f56bfc062723c751e8b465ee728b)  -> (artifact id: '7340a86ea81981b62a4f9b795b8b7426') in 0.204914 seconds
  Import took 0.208002 seconds .

========================================================================
Received Import Request.
  Time since last request: 76.315937 seconds.
  path: Assets/Prefabs/UpdatedAnimals/Cow.prefab
  artifactKey: Guid(2ddeb63c12fbc154396d68c4a2faa6e2) Importer(815301076,1909f56bfc062723c751e8b465ee728b)
Start importing Assets/Prefabs/UpdatedAnimals/Cow.prefab using Guid(2ddeb63c12fbc154396d68c4a2faa6e2) Importer(815301076,1909f56bfc062723c751e8b465ee728b)  -> (artifact id: '31f8c77f640a52aacfb8c10db966c000') in 0.071366 seconds
  Import took 0.074787 seconds .

========================================================================
Received Import Request.
  Time since last request: 2.085013 seconds.
  path: Assets/Prefabs/UpdatedAnimals/Deer.prefab
  artifactKey: Guid(8642e9598addef249ad5ad71e31c0055) Importer(815301076,1909f56bfc062723c751e8b465ee728b)
Start importing Assets/Prefabs/UpdatedAnimals/Deer.prefab using Guid(8642e9598addef249ad5ad71e31c0055) Importer(815301076,1909f56bfc062723c751e8b465ee728b)  -> (artifact id: '87a85159c51096b07fb7520e982dfa00') in 0.073214 seconds
  Import took 0.076465 seconds .

========================================================================
Received Import Request.
  Time since last request: 2.034826 seconds.
  path: Assets/Prefabs/UpdatedAnimals/Lion.prefab
  artifactKey: Guid(93bf580238616bb42b1280e41b45bd71) Importer(815301076,1909f56bfc062723c751e8b465ee728b)
Start importing Assets/Prefabs/UpdatedAnimals/Lion.prefab using Guid(93bf580238616bb42b1280e41b45bd71) Importer(815301076,1909f56bfc062723c751e8b465ee728b)  -> (artifact id: '9dbe8ac23cd8b20ef39e0bb21b9eaeaf') in 0.071237 seconds
  Import took 0.074484 seconds .

========================================================================
Received Import Request.
  Time since last request: 1.614124 seconds.
  path: Assets/Prefabs/UpdatedAnimals/Zebra.prefab
  artifactKey: Guid(5b99c72ced567734aaea589bc85ababe) Importer(815301076,1909f56bfc062723c751e8b465ee728b)
Start importing Assets/Prefabs/UpdatedAnimals/Zebra.prefab using Guid(5b99c72ced567734aaea589bc85ababe) Importer(815301076,1909f56bfc062723c751e8b465ee728b)  -> (artifact id: '55c3ef5508b321e8196dfb5e49929f9e') in 0.129566 seconds
  Import took 0.132860 seconds .

========================================================================
Received Prepare
Registering precompiled user dll's ...
Registered in 0.002841 seconds.
Begin MonoManager ReloadAssembly
Native extension for WindowsStandalone target not found
Refreshing native plugins compatible for Editor in 0.52 ms, found 7 plugins.
Preloading 1 native plugins for Editor in 0.05 ms.
Invoked RoslynAnalysisRunner static constructor.
RoslynAnalysisRunner will not be running.
RoslynAnalysisRunner has terminated.
Mono: successfully reloaded assembly
- Completed reload, in  0.613 seconds
Platform modules already initialized, skipping
Switching build target platform(5) subTarget(0) extendedPlatform(0) -> platform(13) subTarget(589824) extendedPlatform(0)
Refreshing native plugins compatible for Editor in 0.51 ms, found 7 plugins.
Preloading 1 native plugins for Editor in 0.05 ms.
Unloading 1842 Unused Serialized files (Serialized files now loaded: 0)
System memory in use before: 98.1 MB.
System memory in use after: 98.2 MB.

Unloading 9 unused Assets to reduce memory usage. Loaded Objects now: 2384.
Total: 1.549900 ms (FindLiveObjects: 0.154100 ms CreateObjectMapping: 0.044300 ms MarkObjects: 1.293700 ms  DeleteObjects: 0.057300 ms)

AssetImportParameters requested are different than current active one (requested -> active):
  custom:graphics/normal-map-encoding: 01000000000000000000000000000000 -> 02000000000000000000000000000000
========================================================================
Received Import Request.
  Time since last request: 338.225623 seconds.
  path: Assets/Prefabs/UpdatedAnimals/Bear.prefab
  artifactKey: Guid(1b001274b5729ef449ca2bb931523629) Importer(815301076,1909f56bfc062723c751e8b465ee728b)
Start importing Assets/Prefabs/UpdatedAnimals/Bear.prefab using Guid(1b001274b5729ef449ca2bb931523629) Importer(815301076,1909f56bfc062723c751e8b465ee728b)  -> (artifact id: '0801b752cf4e382cb44e157e0df8ad34') in 0.195261 seconds
  Import took 0.198874 seconds .

========================================================================
Received Import Request.
  Time since last request: 16.072814 seconds.
  path: Assets/Prefabs/UpdatedAnimals/Cow.prefab
  artifactKey: Guid(2ddeb63c12fbc154396d68c4a2faa6e2) Importer(815301076,1909f56bfc062723c751e8b465ee728b)
Start importing Assets/Prefabs/UpdatedAnimals/Cow.prefab using Guid(2ddeb63c12fbc154396d68c4a2faa6e2) Importer(815301076,1909f56bfc062723c751e8b465ee728b)  -> (artifact id: 'f9dc6af1b3d5426ec7244b2891f0c871') in 0.083511 seconds
  Import took 0.087130 seconds .

========================================================================
Received Import Request.
  Time since last request: 1.463225 seconds.
  path: Assets/Prefabs/UpdatedAnimals/Deer.prefab
  artifactKey: Guid(8642e9598addef249ad5ad71e31c0055) Importer(815301076,1909f56bfc062723c751e8b465ee728b)
Start importing Assets/Prefabs/UpdatedAnimals/Deer.prefab using Guid(8642e9598addef249ad5ad71e31c0055) Importer(815301076,1909f56bfc062723c751e8b465ee728b)  -> (artifact id: '80c60fa49a5879bffc5238fdb2ba5028') in 0.112921 seconds
  Import took 0.116494 seconds .

========================================================================
Received Import Request.
  Time since last request: 1.541196 seconds.
  path: Assets/Prefabs/UpdatedAnimals/Lion.prefab
  artifactKey: Guid(93bf580238616bb42b1280e41b45bd71) Importer(815301076,1909f56bfc062723c751e8b465ee728b)
Start importing Assets/Prefabs/UpdatedAnimals/Lion.prefab using Guid(93bf580238616bb42b1280e41b45bd71) Importer(815301076,1909f56bfc062723c751e8b465ee728b)  -> (artifact id: '41f94f709ae71fe7026a37c5b5d9f4d6') in 0.077696 seconds
  Import took 0.081004 seconds .

========================================================================
Received Import Request.
  Time since last request: 1.891261 seconds.
  path: Assets/Prefabs/UpdatedAnimals/Zebra.prefab
  artifactKey: Guid(5b99c72ced567734aaea589bc85ababe) Importer(815301076,1909f56bfc062723c751e8b465ee728b)
Start importing Assets/Prefabs/UpdatedAnimals/Zebra.prefab using Guid(5b99c72ced567734aaea589bc85ababe) Importer(815301076,1909f56bfc062723c751e8b465ee728b)  -> (artifact id: 'ba790aaabbff1923dd9a7f67d6f4cd85') in 0.077549 seconds
  Import took 0.080941 seconds .

========================================================================
Received Prepare
Registering precompiled user dll's ...
Registered in 0.279620 seconds.
Begin MonoManager ReloadAssembly
Native extension for WindowsStandalone target not found
Refreshing native plugins compatible for Editor in 0.61 ms, found 7 plugins.
Preloading 1 native plugins for Editor in 0.06 ms.
Invoked RoslynAnalysisRunner static constructor.
RoslynAnalysisRunner will not be running.
RoslynAnalysisRunner has terminated.
Mono: successfully reloaded assembly
- Completed reload, in  0.620 seconds
Platform modules already initialized, skipping
Switching build target platform(5) subTarget(0) extendedPlatform(0) -> platform(13) subTarget(589824) extendedPlatform(0)
Refreshing native plugins compatible for Editor in 0.51 ms, found 7 plugins.
Preloading 1 native plugins for Editor in 0.05 ms.
Unloading 1842 Unused Serialized files (Serialized files now loaded: 0)
System memory in use before: 98.1 MB.
System memory in use after: 98.2 MB.

Unloading 9 unused Assets to reduce memory usage. Loaded Objects now: 2389.
Total: 1.702600 ms (FindLiveObjects: 0.176200 ms CreateObjectMapping: 0.045500 ms MarkObjects: 1.421500 ms  DeleteObjects: 0.058800 ms)

AssetImportParameters requested are different than current active one (requested -> active):
  custom:graphics/normal-map-encoding: 01000000000000000000000000000000 -> 02000000000000000000000000000000
========================================================================
Received Prepare
Registering precompiled user dll's ...
Registered in 0.003358 seconds.
Begin MonoManager ReloadAssembly
Native extension for WindowsStandalone target not found
Refreshing native plugins compatible for Editor in 0.52 ms, found 7 plugins.
Preloading 1 native plugins for Editor in 0.05 ms.
Invoked RoslynAnalysisRunner static constructor.
RoslynAnalysisRunner will not be running.
RoslynAnalysisRunner has terminated.
Mono: successfully reloaded assembly
- Completed reload, in  0.615 seconds
Platform modules already initialized, skipping
Switching build target platform(5) subTarget(0) extendedPlatform(0) -> platform(13) subTarget(589824) extendedPlatform(0)
Refreshing native plugins compatible for Editor in 0.52 ms, found 7 plugins.
Preloading 1 native plugins for Editor in 0.05 ms.
Unloading 1842 Unused Serialized files (Serialized files now loaded: 0)
System memory in use before: 98.2 MB.
System memory in use after: 98.2 MB.

Unloading 9 unused Assets to reduce memory usage. Loaded Objects now: 2393.
Total: 1.754600 ms (FindLiveObjects: 0.201700 ms CreateObjectMapping: 0.065000 ms MarkObjects: 1.423700 ms  DeleteObjects: 0.063500 ms)

AssetImportParameters requested are different than current active one (requested -> active):
  custom:graphics/normal-map-encoding: 01000000000000000000000000000000 -> 02000000000000000000000000000000
========================================================================
Received Prepare
Registering precompiled user dll's ...
Registered in 0.003030 seconds.
Begin MonoManager ReloadAssembly
Native extension for WindowsStandalone target not found
Refreshing native plugins compatible for Editor in 0.53 ms, found 7 plugins.
Preloading 1 native plugins for Editor in 0.05 ms.
Invoked RoslynAnalysisRunner static constructor.
RoslynAnalysisRunner will not be running.
RoslynAnalysisRunner has terminated.
Mono: successfully reloaded assembly
- Completed reload, in  0.627 seconds
Platform modules already initialized, skipping
Switching build target platform(5) subTarget(0) extendedPlatform(0) -> platform(13) subTarget(589824) extendedPlatform(0)
Refreshing native plugins compatible for Editor in 0.54 ms, found 7 plugins.
Preloading 1 native plugins for Editor in 0.05 ms.
Unloading 1842 Unused Serialized files (Serialized files now loaded: 0)
System memory in use before: 98.2 MB.
System memory in use after: 98.2 MB.

Unloading 9 unused Assets to reduce memory usage. Loaded Objects now: 2397.
Total: 1.672000 ms (FindLiveObjects: 0.152300 ms CreateObjectMapping: 0.044900 ms MarkObjects: 1.412900 ms  DeleteObjects: 0.061200 ms)

AssetImportParameters requested are different than current active one (requested -> active):
  custom:graphics/normal-map-encoding: 01000000000000000000000000000000 -> 02000000000000000000000000000000
========================================================================
Received Prepare
Registering precompiled user dll's ...
Registered in 0.002991 seconds.
Begin MonoManager ReloadAssembly
Native extension for WindowsStandalone target not found
Refreshing native plugins compatible for Editor in 0.53 ms, found 7 plugins.
Preloading 1 native plugins for Editor in 0.05 ms.
Invoked RoslynAnalysisRunner static constructor.
RoslynAnalysisRunner will not be running.
RoslynAnalysisRunner has terminated.
Mono: successfully reloaded assembly
- Completed reload, in  0.624 seconds
Platform modules already initialized, skipping
Switching build target platform(5) subTarget(0) extendedPlatform(0) -> platform(13) subTarget(589824) extendedPlatform(0)
Refreshing native plugins compatible for Editor in 0.50 ms, found 7 plugins.
Preloading 1 native plugins for Editor in 0.05 ms.
Unloading 1842 Unused Serialized files (Serialized files now loaded: 0)
System memory in use before: 98.2 MB.
System memory in use after: 98.3 MB.

Unloading 9 unused Assets to reduce memory usage. Loaded Objects now: 2401.
Total: 1.594000 ms (FindLiveObjects: 0.182700 ms CreateObjectMapping: 0.038800 ms MarkObjects: 1.311800 ms  DeleteObjects: 0.060100 ms)

AssetImportParameters requested are different than current active one (requested -> active):
  custom:graphics/normal-map-encoding: 01000000000000000000000000000000 -> 02000000000000000000000000000000
========================================================================
Received Prepare
Refreshing native plugins compatible for Editor in 1.24 ms, found 7 plugins.
Preloading 1 native plugins for Editor in 0.04 ms.
Unloading 6 Unused Serialized files (Serialized files now loaded: 0)
System memory in use before: 62.1 MB.
System memory in use after: 62.1 MB.

Unloading 5 unused Assets to reduce memory usage. Loaded Objects now: 2402.
Total: 1.867100 ms (FindLiveObjects: 0.212100 ms CreateObjectMapping: 0.041400 ms MarkObjects: 1.548400 ms  DeleteObjects: 0.064500 ms)

========================================================================
Received Prepare
Registering precompiled user dll's ...
Registered in 0.002914 seconds.
Begin MonoManager ReloadAssembly
Native extension for WindowsStandalone target not found
Refreshing native plugins compatible for Editor in 0.51 ms, found 7 plugins.
Preloading 1 native plugins for Editor in 0.05 ms.
Invoked RoslynAnalysisRunner static constructor.
RoslynAnalysisRunner will not be running.
RoslynAnalysisRunner has terminated.
Mono: successfully reloaded assembly
- Completed reload, in  0.643 seconds
Platform modules already initialized, skipping
Switching build target platform(5) subTarget(0) extendedPlatform(0) -> platform(13) subTarget(589824) extendedPlatform(0)
Refreshing native plugins compatible for Editor in 0.50 ms, found 7 plugins.
Preloading 1 native plugins for Editor in 0.05 ms.
Unloading 1841 Unused Serialized files (Serialized files now loaded: 0)
System memory in use before: 98.1 MB.
System memory in use after: 98.2 MB.

Unloading 8 unused Assets to reduce memory usage. Loaded Objects now: 2406.
Total: 1.712900 ms (FindLiveObjects: 0.239600 ms CreateObjectMapping: 0.072700 ms MarkObjects: 1.346600 ms  DeleteObjects: 0.053200 ms)

AssetImportParameters requested are different than current active one (requested -> active):
  custom:graphics/normal-map-encoding: 01000000000000000000000000000000 -> 02000000000000000000000000000000
========================================================================
Received Prepare
Refreshing native plugins compatible for Editor in 1.27 ms, found 7 plugins.
Preloading 1 native plugins for Editor in 0.04 ms.
Unloading 5 Unused Serialized files (Serialized files now loaded: 0)
System memory in use before: 62.0 MB.
System memory in use after: 62.0 MB.

Unloading 5 unused Assets to reduce memory usage. Loaded Objects now: 2406.
Total: 2.449900 ms (FindLiveObjects: 0.456600 ms CreateObjectMapping: 0.123900 ms MarkObjects: 1.788600 ms  DeleteObjects: 0.079700 ms)

AssetImportWorkerClient::OnTransportError - code=2 error=End of file
